<?xml version="1.0" encoding="UTF-8"?>
<!-- Generated by org.testng.reporters.JUnitXMLReporter -->
<testsuite hostname="WSM8-0091" ignored="0" tests="0" failures="0" timestamp="13 ноя 2017 12:56:05 GMT" time="0.01" errors="0">
  <testcase name="@BeforeSuite initTestSuite" time="0.02" classname="com.sz.TestNgTestBase">
    <failure type="java.lang.NullPointerException">
      <![CDATA[java.lang.NullPointerException
	at sun.misc.MetaIndex.mayContain(Unknown Source)
	at sun.misc.URLClassPath$JarLoader.getResource(Unknown Source)
	at sun.misc.URLClassPath.getResource(Unknown Source)
	at sun.misc.URLClassPath.getResource(Unknown Source)
	at java.lang.ClassLoader.getBootstrapResource(Unknown Source)
	at java.lang.ClassLoader.getResource(Unknown Source)
	at java.lang.ClassLoader.getResource(Unknown Source)
	at java.net.URLClassLoader.getResourceAsStream(Unknown Source)
	at java.lang.Class.getResourceAsStream(Unknown Source)
	at com.sz.SuiteConfiguration.getCapabilities(SuiteConfiguration.java:33)
	at com.sz.TestNgTestBase.initTestSuite(TestNgTestBase.java:37)
... Removed 22 stack frames]]>
    </failure>
  </testcase> <!-- @BeforeSuite initTestSuite -->
</testsuite>
