<?xml version="1.0" encoding="UTF-8"?>
<testng-results skipped="0" failed="0" ignored="0" total="1" passed="1">
  <reporter-output>
  </reporter-output>
  <suite name="Default suite" duration-ms="12423" started-at="2017-11-14T14:15:01Z" finished-at="2017-11-14T14:15:13Z">
    <groups>
    </groups>
    <test name="Default test" duration-ms="12423" started-at="2017-11-14T14:15:01Z" finished-at="2017-11-14T14:15:13Z">
      <class name="com.sz.TesterBeginnerA">
        <test-method status="PASS" signature="initTestSuite()[pri:0, instance:com.sz.TesterBeginnerA@13b32d7]" name="initTestSuite" is-config="true" duration-ms="13" started-at="2017-11-14T17:15:01Z" finished-at="2017-11-14T17:15:01Z">
          <reporter-output>
          </reporter-output>
        </test-method> <!-- initTestSuite -->
        <test-method status="PASS" signature="initWebDriver()[pri:0, instance:com.sz.TesterBeginnerA@13b32d7]" name="initWebDriver" is-config="true" duration-ms="2010" started-at="2017-11-14T17:15:01Z" finished-at="2017-11-14T17:15:03Z">
          <reporter-output>
          </reporter-output>
        </test-method> <!-- initWebDriver -->
        <test-method status="PASS" signature="testFindOnYaRu()[pri:0, instance:com.sz.TesterBeginnerA@13b32d7]" name="testFindOnYaRu" duration-ms="9389" started-at="2017-11-14T17:15:03Z" finished-at="2017-11-14T17:15:12Z">
          <reporter-output>
          </reporter-output>
        </test-method> <!-- testFindOnYaRu -->
        <test-method status="PASS" signature="tearDown()[pri:0, instance:com.sz.TesterBeginnerA@13b32d7]" name="tearDown" is-config="true" duration-ms="994" started-at="2017-11-14T17:15:12Z" finished-at="2017-11-14T17:15:13Z">
          <reporter-output>
          </reporter-output>
        </test-method> <!-- tearDown -->
      </class> <!-- com.sz.TesterBeginnerA -->
    </test> <!-- Default test -->
  </suite> <!-- Default suite -->
</testng-results>
